[2024-03-09T16:23:09.406+0000] {taskinstance.py:1956} INFO - Dependencies all met for dep_context=non-requeueable deps ti=<TaskInstance: task1dag.archive_data scheduled__2024-03-08T00:00:00+00:00 [queued]>
[2024-03-09T16:23:09.424+0000] {taskinstance.py:1956} INFO - Dependencies all met for dep_context=requeueable deps ti=<TaskInstance: task1dag.archive_data scheduled__2024-03-08T00:00:00+00:00 [queued]>
[2024-03-09T16:23:09.425+0000] {taskinstance.py:2170} INFO - Starting attempt 2 of 2
[2024-03-09T16:23:09.451+0000] {taskinstance.py:2191} INFO - Executing <Task(PythonOperator): archive_data> on 2024-03-08 00:00:00+00:00
[2024-03-09T16:23:09.465+0000] {standard_task_runner.py:60} INFO - Started process 974 to run task
[2024-03-09T16:23:09.469+0000] {standard_task_runner.py:87} INFO - Running: ['***', 'tasks', 'run', 'task1dag', 'archive_data', 'scheduled__2024-03-08T00:00:00+00:00', '--job-id', '461', '--raw', '--subdir', 'DAGS_FOLDER/task1dag.py', '--cfg-path', '/tmp/tmp1rtm_2bz']
[2024-03-09T16:23:09.473+0000] {standard_task_runner.py:88} INFO - Job 461: Subtask archive_data
[2024-03-09T16:23:09.555+0000] {task_command.py:423} INFO - Running <TaskInstance: task1dag.archive_data scheduled__2024-03-08T00:00:00+00:00 [running]> on host 9ce19ff1a6f4
[2024-03-09T16:23:09.690+0000] {taskinstance.py:2480} INFO - Exporting env vars: AIRFLOW_CTX_DAG_OWNER='***' AIRFLOW_CTX_DAG_ID='task1dag' AIRFLOW_CTX_TASK_ID='archive_data' AIRFLOW_CTX_EXECUTION_DATE='2024-03-08T00:00:00+00:00' AIRFLOW_CTX_TRY_NUMBER='2' AIRFLOW_CTX_DAG_RUN_ID='scheduled__2024-03-08T00:00:00+00:00'
[2024-03-09T16:23:09.700+0000] {taskinstance.py:2698} ERROR - Task failed with exception
Traceback (most recent call last):
  File "/home/airflow/.local/lib/python3.8/site-packages/airflow/models/taskinstance.py", line 433, in _execute_task
    result = execute_callable(context=context, **execute_callable_kwargs)
  File "/home/airflow/.local/lib/python3.8/site-packages/airflow/operators/python.py", line 199, in execute
    return_value = self.execute_callable()
  File "/home/airflow/.local/lib/python3.8/site-packages/airflow/operators/python.py", line 216, in execute_callable
    return self.python_callable(*self.op_args, **self.op_kwargs)
  File "/opt/airflow/dags/task1dag.py", line 41, in zip_directory
    zipf.write(os.path.join(source_dir, file), arcname=False)
  File "/usr/local/lib/python3.8/zipfile.py", line 1741, in write
    zinfo = ZipInfo.from_file(filename, arcname,
  File "/usr/local/lib/python3.8/zipfile.py", line 534, in from_file
    arcname = os.path.normpath(os.path.splitdrive(arcname)[1])
  File "/usr/local/lib/python3.8/posixpath.py", line 134, in splitdrive
    p = os.fspath(p)
TypeError: expected str, bytes or os.PathLike object, not bool
[2024-03-09T16:23:09.720+0000] {taskinstance.py:1138} INFO - Marking task as FAILED. dag_id=task1dag, task_id=archive_data, execution_date=20240308T000000, start_date=20240309T162309, end_date=20240309T162309
[2024-03-09T16:23:09.740+0000] {standard_task_runner.py:107} ERROR - Failed to execute job 461 for task archive_data (expected str, bytes or os.PathLike object, not bool; 974)
[2024-03-09T16:23:09.763+0000] {local_task_job_runner.py:234} INFO - Task exited with return code 1
[2024-03-09T16:23:09.793+0000] {taskinstance.py:3280} INFO - 0 downstream tasks scheduled from follow-on schedule check
[2024-03-09T17:36:56.979+0000] {taskinstance.py:1956} INFO - Dependencies all met for dep_context=non-requeueable deps ti=<TaskInstance: task1dag.archive_data scheduled__2024-03-08T00:00:00+00:00 [queued]>
[2024-03-09T17:36:56.987+0000] {taskinstance.py:1956} INFO - Dependencies all met for dep_context=requeueable deps ti=<TaskInstance: task1dag.archive_data scheduled__2024-03-08T00:00:00+00:00 [queued]>
[2024-03-09T17:36:56.988+0000] {taskinstance.py:2170} INFO - Starting attempt 2 of 2
[2024-03-09T17:36:57.000+0000] {taskinstance.py:2191} INFO - Executing <Task(PythonOperator): archive_data> on 2024-03-08 00:00:00+00:00
[2024-03-09T17:36:57.007+0000] {standard_task_runner.py:60} INFO - Started process 2051 to run task
[2024-03-09T17:36:57.010+0000] {standard_task_runner.py:87} INFO - Running: ['***', 'tasks', 'run', 'task1dag', 'archive_data', 'scheduled__2024-03-08T00:00:00+00:00', '--job-id', '469', '--raw', '--subdir', 'DAGS_FOLDER/task1dag.py', '--cfg-path', '/tmp/tmp62r47vy3']
[2024-03-09T17:36:57.012+0000] {standard_task_runner.py:88} INFO - Job 469: Subtask archive_data
[2024-03-09T17:36:57.052+0000] {task_command.py:423} INFO - Running <TaskInstance: task1dag.archive_data scheduled__2024-03-08T00:00:00+00:00 [running]> on host 9ce19ff1a6f4
[2024-03-09T17:36:57.114+0000] {taskinstance.py:2480} INFO - Exporting env vars: AIRFLOW_CTX_DAG_OWNER='***' AIRFLOW_CTX_DAG_ID='task1dag' AIRFLOW_CTX_TASK_ID='archive_data' AIRFLOW_CTX_EXECUTION_DATE='2024-03-08T00:00:00+00:00' AIRFLOW_CTX_TRY_NUMBER='2' AIRFLOW_CTX_DAG_RUN_ID='scheduled__2024-03-08T00:00:00+00:00'
[2024-03-09T17:36:57.118+0000] {taskinstance.py:2698} ERROR - Task failed with exception
Traceback (most recent call last):
  File "/home/airflow/.local/lib/python3.8/site-packages/airflow/models/taskinstance.py", line 433, in _execute_task
    result = execute_callable(context=context, **execute_callable_kwargs)
  File "/home/airflow/.local/lib/python3.8/site-packages/airflow/operators/python.py", line 199, in execute
    return_value = self.execute_callable()
  File "/home/airflow/.local/lib/python3.8/site-packages/airflow/operators/python.py", line 216, in execute_callable
    return self.python_callable(*self.op_args, **self.op_kwargs)
  File "/opt/airflow/dags/task1dag.py", line 39, in zip_directory
    with zipfile.ZipFile(zip_filename, 'w', zipfile.ZIP_DEFLATED) as zipf:
  File "/usr/local/lib/python3.8/zipfile.py", line 1251, in __init__
    self.fp = io.open(file, filemode)
FileNotFoundError: [Errno 2] No such file or directory: 'opt/airflow/output/data.zip'
[2024-03-09T17:36:57.128+0000] {taskinstance.py:1138} INFO - Marking task as FAILED. dag_id=task1dag, task_id=archive_data, execution_date=20240308T000000, start_date=20240309T173656, end_date=20240309T173657
[2024-03-09T17:36:57.140+0000] {standard_task_runner.py:107} ERROR - Failed to execute job 469 for task archive_data ([Errno 2] No such file or directory: 'opt/airflow/output/data.zip'; 2051)
[2024-03-09T17:36:57.182+0000] {local_task_job_runner.py:234} INFO - Task exited with return code 1
[2024-03-09T17:36:57.196+0000] {taskinstance.py:3280} INFO - 0 downstream tasks scheduled from follow-on schedule check
